<?xml version="1.0" encoding="UTF-8"?>
<coverage generated="1645533971009" clover="3.2.0">
  <project timestamp="1645533971010" name="All files">
    <metrics statements="27" coveredstatements="27" conditionals="9" coveredconditionals="8" methods="11" coveredmethods="11" elements="47" coveredelements="46" complexity="0" loc="27" ncloc="27" packages="1" files="2" classes="2"/>
    <file name="bank.js" path="/Users/katbrooks/Projects/Bank/lib/bank.js">
      <metrics statements="22" coveredstatements="22" conditionals="9" coveredconditionals="8" methods="7" coveredmethods="7"/>
      <line num="1" count="1" type="stmt"/>
      <line num="5" count="4" type="stmt"/>
      <line num="6" count="4" type="stmt"/>
      <line num="10" count="6" type="stmt"/>
      <line num="11" count="5" type="stmt"/>
      <line num="12" count="5" type="stmt"/>
      <line num="14" count="5" type="stmt"/>
      <line num="15" count="5" type="stmt"/>
      <line num="19" count="4" type="stmt"/>
      <line num="20" count="3" type="stmt"/>
      <line num="21" count="2" type="stmt"/>
      <line num="22" count="2" type="stmt"/>
      <line num="23" count="2" type="stmt"/>
      <line num="24" count="2" type="stmt"/>
      <line num="28" count="1" type="stmt"/>
      <line num="32" count="10" type="cond" truecount="4" falsecount="0"/>
      <line num="33" count="2" type="stmt"/>
      <line num="35" count="8" type="stmt"/>
      <line num="39" count="9" type="stmt"/>
      <line num="43" count="3" type="cond" truecount="2" falsecount="0"/>
      <line num="44" count="1" type="stmt"/>
      <line num="48" count="1" type="stmt"/>
    </file>
    <file name="transaction_log.js" path="/Users/katbrooks/Projects/Bank/lib/transaction_log.js">
      <metrics statements="5" coveredstatements="5" conditionals="0" coveredconditionals="0" methods="4" coveredmethods="4"/>
      <line num="3" count="2" type="stmt"/>
      <line num="7" count="2" type="stmt"/>
      <line num="11" count="1" type="stmt"/>
      <line num="15" count="1" type="stmt"/>
      <line num="19" count="2" type="stmt"/>
    </file>
  </project>
</coverage>
