{"/Users/katbrooks/Projects/Bank/lib/bank.js": {"path":"/Users/katbrooks/Projects/Bank/lib/bank.js","statementMap":{"0":{"start":{"line":1,"column":23},"end":{"line":1,"column":56}},"1":{"start":{"line":5,"column":4},"end":{"line":5,"column":20}},"2":{"start":{"line":6,"column":4},"end":{"line":6,"column":33}},"3":{"start":{"line":10,"column":19},"end":{"line":10,"column":37}},"4":{"start":{"line":11,"column":17},"end":{"line":11,"column":36}},"5":{"start":{"line":12,"column":4},"end":{"line":12,"column":27}},"6":{"start":{"line":14,"column":4},"end":{"line":14,"column":62}},"7":{"start":{"line":15,"column":4},"end":{"line":15,"column":110}},"8":{"start":{"line":19,"column":19},"end":{"line":19,"column":37}},"9":{"start":{"line":20,"column":4},"end":{"line":20,"column":29}},"10":{"start":{"line":21,"column":17},"end":{"line":21,"column":36}},"11":{"start":{"line":22,"column":4},"end":{"line":22,"column":27}},"12":{"start":{"line":23,"column":4},"end":{"line":23,"column":61}},"13":{"start":{"line":24,"column":4},"end":{"line":24,"column":113}},"14":{"start":{"line":28,"column":4},"end":{"line":28,"column":58}},"15":{"start":{"line":32,"column":4},"end":{"line":34,"column":5}},"16":{"start":{"line":33,"column":6},"end":{"line":33,"column":75}},"17":{"start":{"line":35,"column":4},"end":{"line":35,"column":17}},"18":{"start":{"line":39,"column":4},"end":{"line":39,"column":45}},"19":{"start":{"line":43,"column":4},"end":{"line":45,"column":3}},"20":{"start":{"line":44,"column":6},"end":{"line":44,"column":34}},"21":{"start":{"line":48,"column":0},"end":{"line":48,"column":22}}},"fnMap":{"0":{"name":"(anonymous_0)","decl":{"start":{"line":4,"column":2},"end":{"line":4,"column":3}},"loc":{"start":{"line":4,"column":36},"end":{"line":7,"column":3}},"line":4},"1":{"name":"(anonymous_1)","decl":{"start":{"line":9,"column":2},"end":{"line":9,"column":3}},"loc":{"start":{"line":9,"column":33},"end":{"line":16,"column":3}},"line":9},"2":{"name":"(anonymous_2)","decl":{"start":{"line":18,"column":2},"end":{"line":18,"column":3}},"loc":{"start":{"line":18,"column":34},"end":{"line":25,"column":3}},"line":18},"3":{"name":"(anonymous_3)","decl":{"start":{"line":27,"column":2},"end":{"line":27,"column":3}},"loc":{"start":{"line":27,"column":14},"end":{"line":29,"column":3}},"line":27},"4":{"name":"(anonymous_4)","decl":{"start":{"line":31,"column":2},"end":{"line":31,"column":3}},"loc":{"start":{"line":31,"column":19},"end":{"line":36,"column":3}},"line":31},"5":{"name":"(anonymous_5)","decl":{"start":{"line":38,"column":2},"end":{"line":38,"column":3}},"loc":{"start":{"line":38,"column":16},"end":{"line":40,"column":3}},"line":38},"6":{"name":"(anonymous_6)","decl":{"start":{"line":42,"column":2},"end":{"line":42,"column":3}},"loc":{"start":{"line":42,"column":22},"end":{"line":46,"column":1}},"line":42}},"branchMap":{"0":{"loc":{"start":{"line":4,"column":14},"end":{"line":4,"column":34}},"type":"default-arg","locations":[{"start":{"line":4,"column":20},"end":{"line":4,"column":34}}],"line":4},"1":{"loc":{"start":{"line":9,"column":15},"end":{"line":9,"column":31}},"type":"default-arg","locations":[{"start":{"line":9,"column":23},"end":{"line":9,"column":31}}],"line":9},"2":{"loc":{"start":{"line":18,"column":16},"end":{"line":18,"column":32}},"type":"default-arg","locations":[{"start":{"line":18,"column":24},"end":{"line":18,"column":32}}],"line":18},"3":{"loc":{"start":{"line":32,"column":4},"end":{"line":34,"column":5}},"type":"if","locations":[{"start":{"line":32,"column":4},"end":{"line":34,"column":5}},{"start":{},"end":{}}],"line":32},"4":{"loc":{"start":{"line":32,"column":8},"end":{"line":32,"column":47}},"type":"binary-expr","locations":[{"start":{"line":32,"column":8},"end":{"line":32,"column":33}},{"start":{"line":32,"column":37},"end":{"line":32,"column":47}}],"line":32},"5":{"loc":{"start":{"line":43,"column":4},"end":{"line":45,"column":3}},"type":"if","locations":[{"start":{"line":43,"column":4},"end":{"line":45,"column":3}},{"start":{},"end":{}}],"line":43}},"s":{"0":1,"1":4,"2":4,"3":6,"4":5,"5":5,"6":5,"7":5,"8":4,"9":3,"10":2,"11":2,"12":2,"13":2,"14":1,"15":10,"16":2,"17":8,"18":9,"19":3,"20":1,"21":1},"f":{"0":4,"1":6,"2":4,"3":1,"4":10,"5":9,"6":3},"b":{"0":[0],"1":[2],"2":[2],"3":[2,8],"4":[10,9],"5":[1,2]},"_coverageSchema":"1a1c01bbd47fc00a2c39e90264f33305004495a9","hash":"9199a880f65cfaaee6cbf093ab110584b6208104"}
,"/Users/katbrooks/Projects/Bank/lib/transaction_log.js": {"path":"/Users/katbrooks/Projects/Bank/lib/transaction_log.js","statementMap":{"0":{"start":{"line":3,"column":4},"end":{"line":3,"column":17}},"1":{"start":{"line":7,"column":4},"end":{"line":7,"column":81}},"2":{"start":{"line":11,"column":4},"end":{"line":11,"column":81}},"3":{"start":{"line":15,"column":4},"end":{"line":15,"column":82}},"4":{"start":{"line":19,"column":0},"end":{"line":19,"column":32}}},"fnMap":{"0":{"name":"(anonymous_0)","decl":{"start":{"line":2,"column":2},"end":{"line":2,"column":3}},"loc":{"start":{"line":2,"column":16},"end":{"line":4,"column":3}},"line":2},"1":{"name":"(anonymous_1)","decl":{"start":{"line":6,"column":2},"end":{"line":6,"column":3}},"loc":{"start":{"line":6,"column":35},"end":{"line":8,"column":3}},"line":6},"2":{"name":"(anonymous_2)","decl":{"start":{"line":10,"column":2},"end":{"line":10,"column":3}},"loc":{"start":{"line":10,"column":34},"end":{"line":12,"column":3}},"line":10},"3":{"name":"(anonymous_3)","decl":{"start":{"line":14,"column":2},"end":{"line":14,"column":3}},"loc":{"start":{"line":14,"column":23},"end":{"line":16,"column":3}},"line":14}},"branchMap":{},"s":{"0":2,"1":2,"2":1,"3":1,"4":2},"f":{"0":2,"1":2,"2":1,"3":1},"b":{},"_coverageSchema":"1a1c01bbd47fc00a2c39e90264f33305004495a9","hash":"ff7357fe20e526cf5315543b5c8e4d67c010b580"}
}
