TN:
SF:lib/bank.js
FN:4,(anonymous_0)
FN:9,(anonymous_1)
FN:18,(anonymous_2)
FN:27,(anonymous_3)
FN:31,(anonymous_4)
FN:38,(anonymous_5)
FN:42,(anonymous_6)
FNF:7
FNH:7
FNDA:4,(anonymous_0)
FNDA:6,(anonymous_1)
FNDA:4,(anonymous_2)
FNDA:1,(anonymous_3)
FNDA:10,(anonymous_4)
FNDA:9,(anonymous_5)
FNDA:3,(anonymous_6)
DA:1,1
DA:5,4
DA:6,4
DA:10,6
DA:11,5
DA:12,5
DA:14,5
DA:15,5
DA:19,4
DA:20,3
DA:21,2
DA:22,2
DA:23,2
DA:24,2
DA:28,1
DA:32,10
DA:33,2
DA:35,8
DA:39,9
DA:43,3
DA:44,1
DA:48,1
LF:22
LH:22
BRDA:4,0,0,0
BRDA:9,1,0,2
BRDA:18,2,0,2
BRDA:32,3,0,2
BRDA:32,3,1,8
BRDA:32,4,0,10
BRDA:32,4,1,9
BRDA:43,5,0,1
BRDA:43,5,1,2
BRF:9
BRH:8
end_of_record
TN:
SF:lib/transaction_log.js
FN:2,(anonymous_0)
FN:6,(anonymous_1)
FN:10,(anonymous_2)
FN:14,(anonymous_3)
FNF:4
FNH:4
FNDA:2,(anonymous_0)
FNDA:2,(anonymous_1)
FNDA:1,(anonymous_2)
FNDA:1,(anonymous_3)
DA:3,2
DA:7,2
DA:11,1
DA:15,1
DA:19,2
LF:5
LH:5
BRF:0
BRH:0
end_of_record
